This is pdfTeX, Version 3.14159265-2.6-1.40.18 (TeX Live 2017/Debian) (preloaded format=pdflatex 2019.7.18)  10 APR 2020 16:04
entering extended mode
 restricted \write18 enabled.
 %&-line parsing enabled.
**criteria.tex
(./criteria.tex
LaTeX2e <2017-04-15>
Babel <3.18> and hyphenation patterns for 84 language(s) loaded.
(/usr/share/texlive/texmf-dist/tex/latex/base/article.cls
Document Class: article 2014/09/29 v1.4h Standard LaTeX document class
(/usr/share/texlive/texmf-dist/tex/latex/base/size10.clo
File: size10.clo 2014/09/29 v1.4h Standard LaTeX file (size option)
)
\c@part=\count79
\c@section=\count80
\c@subsection=\count81
\c@subsubsection=\count82
\c@paragraph=\count83
\c@subparagraph=\count84
\c@figure=\count85
\c@table=\count86
\abovecaptionskip=\skip41
\belowcaptionskip=\skip42
\bibindent=\dimen102
)
(/usr/share/texlive/texmf-dist/tex/latex/base/inputenc.sty
Package: inputenc 2015/03/17 v1.2c Input encoding file
\inpenc@prehook=\toks14
\inpenc@posthook=\toks15

(/usr/share/texlive/texmf-dist/tex/latex/ucs/utf8x.def
File: utf8x.def 2004/10/17 UCS: Input encoding UTF-8
))
(/usr/share/texlive/texmf-dist/tex/latex/ucs/ucs.sty
Package: ucs 2013/05/11 v2.2 UCS: Unicode input support

(/usr/share/texlive/texmf-dist/tex/latex/ucs/data/uni-global.def
File: uni-global.def 2013/05/13 UCS: Unicode global data
)
\uc@secondtry=\count87
\uc@combtoks=\toks16
\uc@combtoksb=\toks17
\uc@temptokena=\toks18
)
(/usr/share/texlive/texmf-dist/tex/generic/babel/babel.sty
Package: babel 2018/02/14 3.18 The Babel package

(/usr/share/texlive/texmf-dist/tex/generic/babel/switch.def
File: switch.def 2018/02/14 3.18 Babel switching mechanism
)
(/usr/share/texlive/texmf-dist/tex/generic/babel-russian/russianb.ldf
Language: russian 2017/08/12 1.3j Russian support for the Babel system

(/usr/share/texlive/texmf-dist/tex/generic/babel/babel.def
File: babel.def 2018/02/14 3.18 Babel common definitions
\babel@savecnt=\count88
\U@D=\dimen103

(/usr/share/texlive/texmf-dist/tex/generic/babel/txtbabel.def)
\bbl@dirlevel=\count89
)

Package babel Warning: No Cyrillic font encoding has been loaded so far.
(babel)                A font encoding should be declared before babel.
(babel)                Default `T2A' encoding will be loaded  on input line 74.


(/usr/share/texlive/texmf-dist/tex/latex/cyrillic/t2aenc.def
File: t2aenc.def 2005/09/27 v1.0i Cyrillic encoding definition file
)
Package babel Info: Making " an active character on input line 120.
Package babel Info: Default for \cyrdash is provided on input line 157.
)
(/usr/share/texlive/texmf-dist/tex/generic/babel-english/english.ldf
Language: english 2017/06/06 v3.3r English support from the babel system
\l@canadian = a dialect from \language\l@american 
\l@australian = a dialect from \language\l@british 
\l@newzealand = a dialect from \language\l@british 
))
(/usr/share/texlive/texmf-dist/tex/latex/cmap/cmap.sty
Package: cmap 2008/03/06 v1.0h CMap support: searchable PDF
)
(/usr/share/texlive/texmf-dist/tex/latex/doublestroke/dsfont.sty
Package: dsfont 1995/08/01 v0.1 Double stroke roman fonts
)
(/usr/share/texlive/texmf-dist/tex/latex/amsmath/amsmath.sty
Package: amsmath 2017/09/02 v2.17a AMS math features
\@mathmargin=\skip43

For additional information on amsmath, use the `?' option.
(/usr/share/texlive/texmf-dist/tex/latex/amsmath/amstext.sty
Package: amstext 2000/06/29 v2.01 AMS text

(/usr/share/texlive/texmf-dist/tex/latex/amsmath/amsgen.sty
File: amsgen.sty 1999/11/30 v2.0 generic functions
\@emptytoks=\toks19
\ex@=\dimen104
))
(/usr/share/texlive/texmf-dist/tex/latex/amsmath/amsbsy.sty
Package: amsbsy 1999/11/29 v1.2d Bold Symbols
\pmbraise@=\dimen105
)
(/usr/share/texlive/texmf-dist/tex/latex/amsmath/amsopn.sty
Package: amsopn 2016/03/08 v2.02 operator names
)
\inf@bad=\count90
LaTeX Info: Redefining \frac on input line 213.
\uproot@=\count91
\leftroot@=\count92
LaTeX Info: Redefining \overline on input line 375.
\classnum@=\count93
\DOTSCASE@=\count94
LaTeX Info: Redefining \ldots on input line 472.
LaTeX Info: Redefining \dots on input line 475.
LaTeX Info: Redefining \cdots on input line 596.
\Mathstrutbox@=\box26
\strutbox@=\box27
\big@size=\dimen106
LaTeX Font Info:    Redeclaring font encoding OML on input line 712.
LaTeX Font Info:    Redeclaring font encoding OMS on input line 713.
\macc@depth=\count95
\c@MaxMatrixCols=\count96
\dotsspace@=\muskip10
\c@parentequation=\count97
\dspbrk@lvl=\count98
\tag@help=\toks20
\row@=\count99
\column@=\count100
\maxfields@=\count101
\andhelp@=\toks21
\eqnshift@=\dimen107
\alignsep@=\dimen108
\tagshift@=\dimen109
\tagwidth@=\dimen110
\totwidth@=\dimen111
\lineht@=\dimen112
\@envbody=\toks22
\multlinegap=\skip44
\multlinetaggap=\skip45
\mathdisplay@stack=\toks23
LaTeX Info: Redefining \[ on input line 2817.
LaTeX Info: Redefining \] on input line 2818.
)
(/usr/share/texlive/texmf-dist/tex/latex/amsfonts/amssymb.sty
Package: amssymb 2013/01/14 v3.01 AMS font symbols

(/usr/share/texlive/texmf-dist/tex/latex/amsfonts/amsfonts.sty
Package: amsfonts 2013/01/14 v3.01 Basic AMSFonts support
\symAMSa=\mathgroup4
\symAMSb=\mathgroup5
LaTeX Font Info:    Overwriting math alphabet `\mathfrak' in version `bold'
(Font)                  U/euf/m/n --> U/euf/b/n on input line 106.
))
(/usr/share/texlive/texmf-dist/tex/latex/comment/comment.sty
\CommentStream=\write3

Excluding comment 'comment')
(/usr/share/texlive/texmf-dist/tex/latex/graphics/graphicx.sty
Package: graphicx 2017/06/01 v1.1a Enhanced LaTeX Graphics (DPC,SPQR)

(/usr/share/texlive/texmf-dist/tex/latex/graphics/keyval.sty
Package: keyval 2014/10/28 v1.15 key=value parser (DPC)
\KV@toks@=\toks24
)
(/usr/share/texlive/texmf-dist/tex/latex/graphics/graphics.sty
Package: graphics 2017/06/25 v1.2c Standard LaTeX Graphics (DPC,SPQR)

(/usr/share/texlive/texmf-dist/tex/latex/graphics/trig.sty
Package: trig 2016/01/03 v1.10 sin cos tan (DPC)
)
(/usr/share/texlive/texmf-dist/tex/latex/graphics-cfg/graphics.cfg
File: graphics.cfg 2016/06/04 v1.11 sample graphics configuration
)
Package graphics Info: Driver file: pdftex.def on input line 99.

(/usr/share/texlive/texmf-dist/tex/latex/graphics-def/pdftex.def
File: pdftex.def 2018/01/08 v1.0l Graphics/color driver for pdftex
))
\Gin@req@height=\dimen113
\Gin@req@width=\dimen114
)
(/usr/share/texlive/texmf-dist/tex/latex/caption/caption.sty
Package: caption 2016/02/21 v3.3-144 Customizing captions (AR)

(/usr/share/texlive/texmf-dist/tex/latex/caption/caption3.sty
Package: caption3 2016/05/22 v1.7-166 caption3 kernel (AR)
Package caption3 Info: TeX engine: e-TeX on input line 67.
\captionmargin=\dimen115
\captionmargin@=\dimen116
\captionwidth=\dimen117
\caption@tempdima=\dimen118
\caption@indent=\dimen119
\caption@parindent=\dimen120
\caption@hangindent=\dimen121
)
\c@ContinuedFloat=\count102
)
(/usr/share/texlive/texmf-dist/tex/latex/geometry/geometry.sty
Package: geometry 2010/09/12 v5.6 Page Geometry

(/usr/share/texlive/texmf-dist/tex/generic/oberdiek/ifpdf.sty
Package: ifpdf 2017/03/15 v3.2 Provides the ifpdf switch
)
(/usr/share/texlive/texmf-dist/tex/generic/oberdiek/ifvtex.sty
Package: ifvtex 2016/05/16 v1.6 Detect VTeX and its facilities (HO)
Package ifvtex Info: VTeX not detected.
)
(/usr/share/texlive/texmf-dist/tex/generic/ifxetex/ifxetex.sty
Package: ifxetex 2010/09/12 v0.6 Provides ifxetex conditional
)
\Gm@cnth=\count103
\Gm@cntv=\count104
\c@Gm@tempcnt=\count105
\Gm@bindingoffset=\dimen122
\Gm@wd@mp=\dimen123
\Gm@odd@mp=\dimen124
\Gm@even@mp=\dimen125
\Gm@layoutwidth=\dimen126
\Gm@layoutheight=\dimen127
\Gm@layouthoffset=\dimen128
\Gm@layoutvoffset=\dimen129
\Gm@dimlist=\toks25
)
(/usr/share/texlive/texmf-dist/tex/latex/easy/easyeqn.sty
Document Style `easyeqn' v1.94 <2002/03/18>.
(/usr/share/texlive/texmf-dist/tex/latex/easy/easy.sty
Document Style `easy' v1.1 <2001/05/31>.
Package: easy 2001/05/31 v1.1
\@easy@level=\count106
\@easy@ncol=\count107
\@easy@nrow=\count108
\@easy@cnt=\count109
\@easy@boxviii=\box28
\@easy@minxviii=\dimen130
\@easy@minyviii=\dimen131
\@easy@maxxviii=\dimen132
\@easy@maxyviii=\dimen133
\@easy@boxvii=\box29
\@easy@minxvii=\dimen134
\@easy@minyvii=\dimen135
\@easy@maxxvii=\dimen136
\@easy@maxyvii=\dimen137
\@easy@boxvi=\box30
\@easy@minxvi=\dimen138
\@easy@minyvi=\dimen139
\@easy@maxxvi=\dimen140
\@easy@maxyvi=\dimen141
\@easy@boxv=\box31
\@easy@minxv=\dimen142
\@easy@minyv=\dimen143
\@easy@maxxv=\dimen144
\@easy@maxyv=\dimen145
\@easy@boxiv=\box32
\@easy@minxiv=\dimen146
\@easy@minyiv=\dimen147
\@easy@maxxiv=\dimen148
\@easy@maxyiv=\dimen149
\@easy@boxiii=\box33
\@easy@minxiii=\dimen150
\@easy@minyiii=\dimen151
\@easy@maxxiii=\dimen152
\@easy@maxyiii=\dimen153
\@easy@boxii=\box34
\@easy@minxii=\dimen154
\@easy@minyii=\dimen155
\@easy@maxxii=\dimen156
\@easy@maxyii=\dimen157
\@easy@boxi=\box35
\@easy@minxi=\dimen158
\@easy@minyi=\dimen159
\@easy@maxxi=\dimen160
\@easy@maxyi=\dimen161
\@easy@hsizexxx=\dimen162
\@easy@vsizexxx=\dimen163
\@easy@hsizexxix=\dimen164
\@easy@vsizexxix=\dimen165
\@easy@hsizexxviii=\dimen166
\@easy@vsizexxviii=\dimen167
\@easy@hsizexxvii=\dimen168
\@easy@vsizexxvii=\dimen169
\@easy@hsizexxvi=\dimen170
\@easy@vsizexxvi=\dimen171
\@easy@hsizexxv=\dimen172
\@easy@vsizexxv=\dimen173
\@easy@hsizexxiv=\dimen174
\@easy@vsizexxiv=\dimen175
\@easy@hsizexxiii=\dimen176
\@easy@vsizexxiii=\dimen177
\@easy@hsizexxii=\dimen178
\@easy@vsizexxii=\dimen179
\@easy@hsizexxi=\dimen180
\@easy@vsizexxi=\dimen181
\@easy@hsizexx=\dimen182
\@easy@vsizexx=\dimen183
\@easy@hsizexix=\dimen184
\@easy@vsizexix=\dimen185
\@easy@hsizexviii=\dimen186
\@easy@vsizexviii=\dimen187
\@easy@hsizexvii=\dimen188
\@easy@vsizexvii=\dimen189
\@easy@hsizexvi=\dimen190
\@easy@vsizexvi=\dimen191
\@easy@hsizexv=\dimen192
\@easy@vsizexv=\dimen193
\@easy@hsizexiv=\dimen194
\@easy@vsizexiv=\dimen195
\@easy@hsizexiii=\dimen196
\@easy@vsizexiii=\dimen197
\@easy@hsizexii=\dimen198
\@easy@vsizexii=\dimen199
\@easy@hsizexi=\dimen256
\@easy@vsizexi=\dimen257
\@easy@hsizex=\dimen258
\@easy@vsizex=\dimen259
\@easy@hsizeix=\dimen260
\@easy@vsizeix=\dimen261
\@easy@hsizeviii=\dimen262
\@easy@vsizeviii=\dimen263
\@easy@hsizevii=\dimen264
\@easy@vsizevii=\dimen265
\@easy@hsizevi=\dimen266
\@easy@vsizevi=\dimen267
\@easy@hsizev=\dimen268
\@easy@vsizev=\dimen269
\@easy@hsizeiv=\dimen270
\@easy@vsizeiv=\dimen271
\@easy@hsizeiii=\dimen272
\@easy@vsizeiii=\dimen273
\@easy@hsizeii=\dimen274
\@easy@vsizeii=\dimen275
\@easy@hsizei=\dimen276
\@easy@vsizei=\dimen277
\@easy@dash@len=\dimen278
\@easy@dash@sep=\dimen279
)
Package: easyeqn 2001/05/31 v1.1
\@EQ@leftmargin=\dimen280
\@EQ@col@sep=\dimen281
\@EQ@EQN@BOX=\box36
) (/usr/share/texlive/texmf-dist/tex/latex/bbm-macros/bbm.sty
Package: bbm 1999/03/15 V 1.2 provides fonts for set symbols - TH
LaTeX Font Info:    Overwriting math alphabet `\mathbbm' in version `bold'
(Font)                  U/bbm/m/n --> U/bbm/bx/n on input line 33.
LaTeX Font Info:    Overwriting math alphabet `\mathbbmss' in version `bold'
(Font)                  U/bbmss/m/n --> U/bbmss/bx/n on input line 35.
)
(/usr/share/texlive/texmf-dist/tex/latex/multirow/multirow.sty
Package: multirow 2016/11/25 v2.2 Span multiple rows of a table
\multirow@colwidth=\skip46
\multirow@cntb=\count110
\multirow@dima=\skip47
\bigstrutjot=\dimen282
) (./criteria.aux)
\openout1 = `criteria.aux'.

LaTeX Font Info:    Checking defaults for OML/cmm/m/it on input line 22.
LaTeX Font Info:    ... okay on input line 22.
LaTeX Font Info:    Checking defaults for T1/cmr/m/n on input line 22.
LaTeX Font Info:    ... okay on input line 22.
LaTeX Font Info:    Checking defaults for OT1/cmr/m/n on input line 22.
LaTeX Font Info:    ... okay on input line 22.
LaTeX Font Info:    Checking defaults for OMS/cmsy/m/n on input line 22.
LaTeX Font Info:    ... okay on input line 22.
LaTeX Font Info:    Checking defaults for OMX/cmex/m/n on input line 22.
LaTeX Font Info:    ... okay on input line 22.
LaTeX Font Info:    Checking defaults for U/cmr/m/n on input line 22.
LaTeX Font Info:    ... okay on input line 22.
LaTeX Font Info:    Checking defaults for T2A/cmr/m/n on input line 22.
LaTeX Font Info:    Try loading font information for T2A+cmr on input line 22.
 (/usr/share/texlive/texmf-dist/tex/latex/cyrillic/t2acmr.fd
File: t2acmr.fd 2001/08/11 v1.0a Computer Modern Cyrillic font definitions
)
LaTeX Font Info:    ... okay on input line 22.

(/usr/share/texlive/texmf-dist/tex/latex/ucs/ucsencs.def
File: ucsencs.def 2011/01/21 Fixes to fontencodings LGR, T3
)
(/usr/share/texlive/texmf-dist/tex/context/base/mkii/supp-pdf.mkii
[Loading MPS to PDF converter (version 2006.09.02).]
\scratchcounter=\count111
\scratchdimen=\dimen283
\scratchbox=\box37
\nofMPsegments=\count112
\nofMParguments=\count113
\everyMPshowfont=\toks26
\MPscratchCnt=\count114
\MPscratchDim=\dimen284
\MPnumerator=\count115
\makeMPintoPDFobject=\count116
\everyMPtoPDFconversion=\toks27
) (/usr/share/texlive/texmf-dist/tex/latex/oberdiek/epstopdf-base.sty
Package: epstopdf-base 2016/05/15 v2.6 Base part for package epstopdf

(/usr/share/texlive/texmf-dist/tex/generic/oberdiek/infwarerr.sty
Package: infwarerr 2016/05/16 v1.4 Providing info/warning/error messages (HO)
)
(/usr/share/texlive/texmf-dist/tex/latex/oberdiek/grfext.sty
Package: grfext 2016/05/16 v1.2 Manage graphics extensions (HO)

(/usr/share/texlive/texmf-dist/tex/generic/oberdiek/kvdefinekeys.sty
Package: kvdefinekeys 2016/05/16 v1.4 Define keys (HO)

(/usr/share/texlive/texmf-dist/tex/generic/oberdiek/ltxcmds.sty
Package: ltxcmds 2016/05/16 v1.23 LaTeX kernel commands for general use (HO)
)))
(/usr/share/texlive/texmf-dist/tex/latex/oberdiek/kvoptions.sty
Package: kvoptions 2016/05/16 v3.12 Key value format for package options (HO)

(/usr/share/texlive/texmf-dist/tex/generic/oberdiek/kvsetkeys.sty
Package: kvsetkeys 2016/05/16 v1.17 Key value parser (HO)

(/usr/share/texlive/texmf-dist/tex/generic/oberdiek/etexcmds.sty
Package: etexcmds 2016/05/16 v1.6 Avoid name clashes with e-TeX commands (HO)

(/usr/share/texlive/texmf-dist/tex/generic/oberdiek/ifluatex.sty
Package: ifluatex 2016/05/16 v1.4 Provides the ifluatex switch (HO)
Package ifluatex Info: LuaTeX not detected.
)
Package etexcmds Info: Could not find \expanded.
(etexcmds)             That can mean that you are not using pdfTeX 1.50 or
(etexcmds)             that some package has redefined \expanded.
(etexcmds)             In the latter case, load this package earlier.
)))
(/usr/share/texlive/texmf-dist/tex/generic/oberdiek/pdftexcmds.sty
Package: pdftexcmds 2018/01/21 v0.26 Utility functions of pdfTeX for LuaTeX (HO
)
Package pdftexcmds Info: LuaTeX not detected.
Package pdftexcmds Info: \pdf@primitive is available.
Package pdftexcmds Info: \pdf@ifprimitive is available.
Package pdftexcmds Info: \pdfdraftmode found.
)
Package epstopdf-base Info: Redefining graphics rule for `.eps' on input line 4
38.
Package grfext Info: Graphics extension search list:
(grfext)             [.pdf,.png,.jpg,.mps,.jpeg,.jbig2,.jb2,.PDF,.PNG,.JPG,.JPE
G,.JBIG2,.JB2,.eps]
(grfext)             \AppendGraphicsExtensions on input line 456.

(/usr/share/texlive/texmf-dist/tex/latex/latexconfig/epstopdf-sys.cfg
File: epstopdf-sys.cfg 2010/07/13 v1.3 Configuration of (r)epstopdf for TeX Liv
e
))
Package caption Info: Begin \AtBeginDocument code.
Package caption Info: End \AtBeginDocument code.

*geometry* driver: auto-detecting
*geometry* detected driver: pdftex
*geometry* verbose mode - [ preamble ] result:
* driver: pdftex
* paper: a4paper
* layout: <same size as paper>
* layoutoffset:(h,v)=(0.0pt,0.0pt)
* modes: 
* h-part:(L,W,R)=(89.62709pt, 418.25368pt, 89.6271pt)
* v-part:(T,H,B)=(101.40665pt, 591.5302pt, 152.11pt)
* \paperwidth=597.50787pt
* \paperheight=845.04684pt
* \textwidth=418.25368pt
* \textheight=591.5302pt
* \oddsidemargin=17.3571pt
* \evensidemargin=17.3571pt
* \topmargin=-7.86334pt
* \headheight=12.0pt
* \headsep=25.0pt
* \topskip=10.0pt
* \footskip=30.0pt
* \marginparwidth=57.0pt
* \marginparsep=11.0pt
* \columnsep=10.0pt
* \skip\footins=9.0pt plus 4.0pt minus 2.0pt
* \hoffset=0.0pt
* \voffset=0.0pt
* \mag=1000
* \@twocolumnfalse
* \@twosidefalse
* \@mparswitchfalse
* \@reversemarginfalse
* (1in=72.27pt=25.4mm, 1cm=28.453pt)

<<ot1.cmap>><<oml.cmap>><<oms.cmap>><<omx.cmap>>
LaTeX Font Info:    Try loading font information for U+msa on input line 24.

(/usr/share/texlive/texmf-dist/tex/latex/amsfonts/umsa.fd
File: umsa.fd 2013/01/14 v3.01 AMS symbols A
)
LaTeX Font Info:    Try loading font information for U+msb on input line 24.

(/usr/share/texlive/texmf-dist/tex/latex/amsfonts/umsb.fd
File: umsb.fd 2013/01/14 v3.01 AMS symbols B
)
LaTeX Font Info:    Try loading font information for U+dsrom on input line 43.

(/usr/share/texlive/texmf-dist/tex/latex/doublestroke/Udsrom.fd
File: Udsrom.fd 1995/08/01 v0.1 Double stroke roman font definitions
)
<definition1.png, id=5, 953.5625pt x 544.0325pt>
File: definition1.png Graphic file (type png)
<use definition1.png>
Package pdftex.def Info: definition1.png  used on input line 75.
(pdftex.def)             Requested size: 238.39005pt x 136.00778pt.
 [1

{/var/lib/texmf/fonts/map/pdftex/updmap/pdftex.map}] [2 <./definition1.png>]
Overfull \hbox (14.02847pt too wide) in paragraph at lines 103--111
\OT1/cmr/m/n/10 Let's in-fer the $\OMS/cmsy/m/n/10 k\OML/cmm/m/it/10 f[]\OT1/cm
r/m/n/10 (\OML/cmm/m/it/10 v\OT1/cmr/m/n/10 )\OMS/cmsy/m/n/10 k[]$\OT1/cmr/m/n/
10 .  Let $[] = []$, where $\OML/cmm/m/it/10 b \OT1/cmr/m/n/10 = \OML/cmm/m/it/
10 K\OT1/cmr/m/n/10 (\OML/cmm/m/it/10 u; u\OT1/cmr/m/n/10 )\OML/cmm/m/it/10 ; [
] \OT1/cmr/m/n/10 = [\OML/cmm/m/it/10 K\OT1/cmr/m/n/10 (\OML/cmm/m/it/10 x[]; u
\OT1/cmr/m/n/10 )\OML/cmm/m/it/10 ; :::; K\OT1/cmr/m/n/10 (\OML/cmm/m/it/10 x[]
; u\OT1/cmr/m/n/10 )][]$.
 []


Overfull \hbox (8.89845pt too wide) in alignment at lines 127--135
 [][][] []
 []


Underfull \hbox (badness 10000) in paragraph at lines 146--152

 []

[3]
<50recent_points_rand.png, id=36, 433.62pt x 289.08pt>
File: 50recent_points_rand.png Graphic file (type png)
<use 50recent_points_rand.png>
Package pdftex.def Info: 50recent_points_rand.png  used on input line 187.
(pdftex.def)             Requested size: 216.80946pt x 144.53964pt.

Overfull \hbox (11.86287pt too wide) in paragraph at lines 187--188
 [] 
 []

<50recent_points_mvar.png, id=38, 433.62pt x 289.08pt>
File: 50recent_points_mvar.png Graphic file (type png)
<use 50recent_points_mvar.png>
Package pdftex.def Info: 50recent_points_mvar.png  used on input line 191.
(pdftex.def)             Requested size: 216.80946pt x 144.53964pt.

Overfull \hbox (11.86287pt too wide) in paragraph at lines 191--192
 [] 
 []

<50recent_points_l2fm.png, id=39, 433.62pt x 289.08pt>
File: 50recent_points_l2fm.png Graphic file (type png)
<use 50recent_points_l2fm.png>
Package pdftex.def Info: 50recent_points_l2fm.png  used on input line 195.
(pdftex.def)             Requested size: 216.80946pt x 144.53964pt.

Overfull \hbox (11.86287pt too wide) in paragraph at lines 195--196
 [] 
 []

<50recent_points_RKHS.png, id=40, 433.62pt x 289.08pt>
File: 50recent_points_RKHS.png Graphic file (type png)
<use 50recent_points_RKHS.png>
Package pdftex.def Info: 50recent_points_RKHS.png  used on input line 199.
(pdftex.def)             Requested size: 216.80946pt x 144.53964pt.

Overfull \hbox (11.86287pt too wide) in paragraph at lines 199--200
 [] 
 []

<50recent_points_Hvar.png, id=41, 433.62pt x 289.08pt>
File: 50recent_points_Hvar.png Graphic file (type png)
<use 50recent_points_Hvar.png>
Package pdftex.def Info: 50recent_points_Hvar.png  used on input line 203.
(pdftex.def)             Requested size: 216.80946pt x 144.53964pt.

Overfull \hbox (11.86287pt too wide) in paragraph at lines 203--204
 [] 
 []


LaTeX Warning: `h' float specifier changed to `ht'.

<100recent_points_rand.png, id=42, 433.62pt x 289.08pt>
File: 100recent_points_rand.png Graphic file (type png)
<use 100recent_points_rand.png>
Package pdftex.def Info: 100recent_points_rand.png  used on input line 211.
(pdftex.def)             Requested size: 216.80946pt x 144.53964pt.

Overfull \hbox (11.86287pt too wide) in paragraph at lines 211--212
 [] 
 []

<100recent_points_mvar.png, id=43, 433.62pt x 289.08pt>
File: 100recent_points_mvar.png Graphic file (type png)
<use 100recent_points_mvar.png>
Package pdftex.def Info: 100recent_points_mvar.png  used on input line 215.
(pdftex.def)             Requested size: 216.80946pt x 144.53964pt.

Overfull \hbox (11.86287pt too wide) in paragraph at lines 215--216
 [] 
 []

<100recent_points_l2fm.png, id=44, 433.62pt x 289.08pt>
File: 100recent_points_l2fm.png Graphic file (type png)
<use 100recent_points_l2fm.png>
Package pdftex.def Info: 100recent_points_l2fm.png  used on input line 219.
(pdftex.def)             Requested size: 216.80946pt x 144.53964pt.

Overfull \hbox (11.86287pt too wide) in paragraph at lines 219--220
 [] 
 []

<100recent_points_RKHS.png, id=45, 433.62pt x 289.08pt>
File: 100recent_points_RKHS.png Graphic file (type png)
<use 100recent_points_RKHS.png>
Package pdftex.def Info: 100recent_points_RKHS.png  used on input line 223.
(pdftex.def)             Requested size: 216.80946pt x 144.53964pt.

Overfull \hbox (11.86287pt too wide) in paragraph at lines 223--224
 [] 
 []

<100recent_points_Hvar.png, id=46, 433.62pt x 289.08pt>
File: 100recent_points_Hvar.png Graphic file (type png)
<use 100recent_points_Hvar.png>
Package pdftex.def Info: 100recent_points_Hvar.png  used on input line 227.
(pdftex.def)             Requested size: 216.80946pt x 144.53964pt.

Overfull \hbox (11.86287pt too wide) in paragraph at lines 227--228
 [] 
 []


LaTeX Warning: `h' float specifier changed to `ht'.

<150recent_points_rand.png, id=47, 433.62pt x 289.08pt>
File: 150recent_points_rand.png Graphic file (type png)
<use 150recent_points_rand.png>
Package pdftex.def Info: 150recent_points_rand.png  used on input line 235.
(pdftex.def)             Requested size: 216.80946pt x 144.53964pt.

Overfull \hbox (11.86287pt too wide) in paragraph at lines 235--236
 [] 
 []

<150recent_points_mvar.png, id=48, 433.62pt x 289.08pt>
File: 150recent_points_mvar.png Graphic file (type png)
<use 150recent_points_mvar.png>
Package pdftex.def Info: 150recent_points_mvar.png  used on input line 239.
(pdftex.def)             Requested size: 216.80946pt x 144.53964pt.

Overfull \hbox (11.86287pt too wide) in paragraph at lines 239--240
 [] 
 []

<150recent_points_l2fm.png, id=49, 433.62pt x 289.08pt>
File: 150recent_points_l2fm.png Graphic file (type png)
<use 150recent_points_l2fm.png>
Package pdftex.def Info: 150recent_points_l2fm.png  used on input line 243.
(pdftex.def)             Requested size: 216.80946pt x 144.53964pt.

Overfull \hbox (11.86287pt too wide) in paragraph at lines 243--244
 [] 
 []

<150recent_points_RKHS.png, id=50, 433.62pt x 289.08pt>
File: 150recent_points_RKHS.png Graphic file (type png)
<use 150recent_points_RKHS.png>
Package pdftex.def Info: 150recent_points_RKHS.png  used on input line 247.
(pdftex.def)             Requested size: 216.80946pt x 144.53964pt.

Overfull \hbox (11.86287pt too wide) in paragraph at lines 247--248
 [] 
 []

<150recent_points_Hvar.png, id=51, 433.62pt x 289.08pt>
File: 150recent_points_Hvar.png Graphic file (type png)
<use 150recent_points_Hvar.png>
Package pdftex.def Info: 150recent_points_Hvar.png  used on input line 251.
(pdftex.def)             Requested size: 216.80946pt x 144.53964pt.

Overfull \hbox (11.86287pt too wide) in paragraph at lines 251--252
 [] 
 []


LaTeX Warning: `h' float specifier changed to `ht'.

[4] [5 <./50recent_points_rand.png> <./50recent_points_mvar.png> <./50recent_po
ints_l2fm.png> <./50recent_points_RKHS.png> <./50recent_points_Hvar.png>]
[6 <./100recent_points_rand.png> <./100recent_points_mvar.png> <./100recent_poi
nts_l2fm.png> <./100recent_points_RKHS.png> <./100recent_points_Hvar.png>]
[7 <./150recent_points_rand.png> <./150recent_points_mvar.png> <./150recent_poi
nts_l2fm.png> <./150recent_points_RKHS.png> <./150recent_points_Hvar.png>]
<100surface_mvar.png, id=80, 433.62pt x 289.08pt>
File: 100surface_mvar.png Graphic file (type png)
<use 100surface_mvar.png>
Package pdftex.def Info: 100surface_mvar.png  used on input line 262.
(pdftex.def)             Requested size: 216.80946pt x 144.53964pt.

Overfull \hbox (11.86287pt too wide) in paragraph at lines 262--263
 [] 
 []

<100surface_l2fm.png, id=81, 433.62pt x 289.08pt>
File: 100surface_l2fm.png Graphic file (type png)
<use 100surface_l2fm.png>
Package pdftex.def Info: 100surface_l2fm.png  used on input line 266.
(pdftex.def)             Requested size: 216.80946pt x 144.53964pt.

Overfull \hbox (11.86287pt too wide) in paragraph at lines 266--267
 [] 
 []

<100surface_RKHS.png, id=82, 433.62pt x 289.08pt>
File: 100surface_RKHS.png Graphic file (type png)
<use 100surface_RKHS.png>
Package pdftex.def Info: 100surface_RKHS.png  used on input line 270.
(pdftex.def)             Requested size: 216.80946pt x 144.53964pt.

Overfull \hbox (11.86287pt too wide) in paragraph at lines 270--271
 [] 
 []

<100surface_Hvar.png, id=83, 433.62pt x 289.08pt>
File: 100surface_Hvar.png Graphic file (type png)
<use 100surface_Hvar.png>
Package pdftex.def Info: 100surface_Hvar.png  used on input line 274.
(pdftex.def)             Requested size: 216.80946pt x 144.53964pt.

Overfull \hbox (11.86287pt too wide) in paragraph at lines 274--275
 [] 
 []

<100contour_mvar.png, id=84, 433.62pt x 289.08pt>
File: 100contour_mvar.png Graphic file (type png)
<use 100contour_mvar.png>
Package pdftex.def Info: 100contour_mvar.png  used on input line 283.
(pdftex.def)             Requested size: 216.80946pt x 144.53964pt.

Overfull \hbox (11.86287pt too wide) in paragraph at lines 283--284
 [] 
 []

<100contour_l2fm.png, id=85, 433.62pt x 289.08pt>
File: 100contour_l2fm.png Graphic file (type png)
<use 100contour_l2fm.png>
Package pdftex.def Info: 100contour_l2fm.png  used on input line 287.
(pdftex.def)             Requested size: 216.80946pt x 144.53964pt.

Overfull \hbox (11.86287pt too wide) in paragraph at lines 287--288
 [] 
 []

<100contour_RKHS.png, id=86, 433.62pt x 289.08pt>
File: 100contour_RKHS.png Graphic file (type png)
<use 100contour_RKHS.png>
Package pdftex.def Info: 100contour_RKHS.png  used on input line 291.
(pdftex.def)             Requested size: 216.80946pt x 144.53964pt.

Overfull \hbox (11.86287pt too wide) in paragraph at lines 291--292
 [] 
 []

<100contour_Hvar.png, id=87, 433.62pt x 289.08pt>
File: 100contour_Hvar.png Graphic file (type png)
<use 100contour_Hvar.png>
Package pdftex.def Info: 100contour_Hvar.png  used on input line 295.
(pdftex.def)             Requested size: 216.80946pt x 144.53964pt.

Overfull \hbox (11.86287pt too wide) in paragraph at lines 295--296
 [] 
 []


LaTeX Warning: `h' float specifier changed to `ht'.

[8

 <./100surface_mvar.png> <./100surface_l2fm.png> <./100surface_RKHS.png> <./100
surface_Hvar.png>] [9 <./100contour_mvar.png> <./100contour_l2fm.png> <./100con
tour_RKHS.png> <./100contour_Hvar.png>]
<accuracy2dim2.png, id=102, 1156.32pt x 722.7pt>
File: accuracy2dim2.png Graphic file (type png)
<use accuracy2dim2.png>
Package pdftex.def Info: accuracy2dim2.png  used on input line 307.
(pdftex.def)             Requested size: 462.5198pt x 289.07487pt.

Overfull \hbox (257.57321pt too wide) in paragraph at lines 307--308
 [] 
 []

<accuracy2dimGP2.png, id=103, 1156.32pt x 722.7pt>
File: accuracy2dimGP2.png Graphic file (type png)
<use accuracy2dimGP2.png>
Package pdftex.def Info: accuracy2dimGP2.png  used on input line 311.
(pdftex.def)             Requested size: 462.5198pt x 289.07487pt.

Overfull \hbox (257.57321pt too wide) in paragraph at lines 311--312
 [] 
 []


LaTeX Warning: Float too large for page by 63.50844pt on input line 315.


LaTeX Warning: `h' float specifier changed to `ht'.

[10

] [11 <./accuracy2dim2.png> <./accuracy2dimGP2.png>]
<accuracyMethodsSkin4.png, id=112, 1156.32pt x 722.7pt>
File: accuracyMethodsSkin4.png Graphic file (type png)
<use accuracyMethodsSkin4.png>
Package pdftex.def Info: accuracyMethodsSkin4.png  used on input line 328.
(pdftex.def)             Requested size: 462.5198pt x 289.07487pt.

Overfull \hbox (257.57321pt too wide) in paragraph at lines 328--329
 [] 
 []

<accuracySkin1.png, id=113, 1156.32pt x 722.7pt>
File: accuracySkin1.png Graphic file (type png)
<use accuracySkin1.png>
Package pdftex.def Info: accuracySkin1.png  used on input line 332.
(pdftex.def)             Requested size: 462.5198pt x 289.07487pt.

Overfull \hbox (257.57321pt too wide) in paragraph at lines 332--333
 [] 
 []


LaTeX Warning: Float too large for page by 63.50844pt on input line 336.


LaTeX Warning: `h' float specifier changed to `ht'.

[12

] [13 <./accuracyMethodsSkin4.png> <./accuracySkin1.png>]
Underfull \hbox (badness 10000) in paragraph at lines 341--343

 []

<accuracyHTRUGP1.png, id=123, 1156.32pt x 722.7pt>
File: accuracyHTRUGP1.png Graphic file (type png)
<use accuracyHTRUGP1.png>
Package pdftex.def Info: accuracyHTRUGP1.png  used on input line 352.
(pdftex.def)             Requested size: 462.5198pt x 289.07487pt.

Overfull \hbox (257.57321pt too wide) in paragraph at lines 352--353
 [] 
 []


Overfull \hbox (62.85825pt too wide) in paragraph at lines 364--380
 [][] 
 []

[14

 <./accuracyHTRUGP1.png>] [15] [16

] (./criteria.aux) ) 
Here is how much of TeX's memory you used:
 5795 strings out of 492982
 85270 string characters out of 6134896
 168971 words of memory out of 5000000
 9166 multiletter control sequences out of 15000+600000
 12744 words of font info for 51 fonts, out of 8000000 for 9000
 1141 hyphenation exceptions out of 8191
 41i,13n,39p,433b,331s stack positions out of 5000i,500n,10000p,200000b,80000s
</usr/share/texlive/texmf-dist/fonts/type1/public/amsfonts/
cm/cmbx10.pfb></usr/share/texlive/texmf-dist/fonts/type1/public/amsfonts/cm/cmb
x12.pfb></usr/share/texlive/texmf-dist/fonts/type1/public/amsfonts/cm/cmbx9.pfb
></usr/share/texlive/texmf-dist/fonts/type1/public/amsfonts/cm/cmex10.pfb></usr
/share/texlive/texmf-dist/fonts/type1/public/amsfonts/cm/cmmi10.pfb></usr/share
/texlive/texmf-dist/fonts/type1/public/amsfonts/cm/cmmi5.pfb></usr/share/texliv
e/texmf-dist/fonts/type1/public/amsfonts/cm/cmmi7.pfb></usr/share/texlive/texmf
-dist/fonts/type1/public/amsfonts/cm/cmr10.pfb></usr/share/texlive/texmf-dist/f
onts/type1/public/amsfonts/cm/cmr12.pfb></usr/share/texlive/texmf-dist/fonts/ty
pe1/public/amsfonts/cm/cmr17.pfb></usr/share/texlive/texmf-dist/fonts/type1/pub
lic/amsfonts/cm/cmr5.pfb></usr/share/texlive/texmf-dist/fonts/type1/public/amsf
onts/cm/cmr7.pfb></usr/share/texlive/texmf-dist/fonts/type1/public/amsfonts/cm/
cmr9.pfb></usr/share/texlive/texmf-dist/fonts/type1/public/amsfonts/cm/cmsy10.p
fb></usr/share/texlive/texmf-dist/fonts/type1/public/amsfonts/cm/cmsy5.pfb></us
r/share/texlive/texmf-dist/fonts/type1/public/amsfonts/cm/cmsy7.pfb></usr/share
/texlive/texmf-dist/fonts/type1/public/amsfonts/cm/cmti10.pfb></usr/share/texli
ve/texmf-dist/fonts/type1/public/doublestroke/dsrom10.pfb></usr/share/texlive/t
exmf-dist/fonts/type1/public/amsfonts/symbols/msbm10.pfb>
Output written on criteria.pdf (16 pages, 957489 bytes).
PDF statistics:
 194 PDF objects out of 1000 (max. 8388607)
 95 compressed objects within 1 object stream
 0 named destinations out of 1000 (max. 500000)
 162 words of extra memory for PDF output out of 10000 (max. 10000000)

